<?xml version="1.0" encoding="UTF-8"?>
<testsuite xmlns:xsi="http://www.w3.org/2001/XMLSchema-instance" xsi:noNamespaceSchemaLocation="https://maven.apache.org/surefire/maven-surefire-plugin/xsd/surefire-test-report.xsd" version="3.0.1" name="RankingsTest" time="0.086" tests="10" errors="0" skipped="0" failures="0">
  <properties>
[...]
</properties>
  <testcase name="testFormatRankings" classname="RankingsTest" time="0.023"/>
  <testcase name="testCalculateRankingsInvalidInput" classname="RankingsTest" time="0.03">
    <system-err><![CDATA[Feb 05, 2025 7:46:12 PM Rankings parseMatchResult
WARNING: Skipping invalid input: Team A 3, Team B. Error: Invalid number format
Feb 05, 2025 7:46:12 PM Rankings parseMatchResult
WARNING: Skipping invalid input: Team C, Team D 2. Error: Invalid number format
]]></system-err>
  </testcase>
  <testcase name="testParseMatchResultValidInput" classname="RankingsTest" time="0.002"/>
  <testcase name="testFormatRankingsEmpty" classname="RankingsTest" time="0.001"/>
  <testcase name="testCalculateRankingsEmptyInput" classname="RankingsTest" time="0.001"/>
  <testcase name="testParseMatchResultNegativeScores" classname="RankingsTest" time="0.001">
    <system-err><![CDATA[Feb 05, 2025 7:46:12 PM Rankings parseMatchResult
WARNING: Skipping invalid input: Team A -1, Team B -2. Error: Scores cannot be negative: Team A -1, Team B -2
]]></system-err>
  </testcase>
  <testcase name="testSortRankingsAlphabeticalTies" classname="RankingsTest" time="0.001"/>
  <testcase name="testSortRankingsByPoints" classname="RankingsTest" time="0.001"/>
  <testcase name="testParseMatchResultInvalidInput" classname="RankingsTest" time="0.0">
    <system-err><![CDATA[Feb 05, 2025 7:46:12 PM Rankings parseMatchResult
WARNING: Skipping invalid input: Team A 3 Team B 2. Error: Line must contain exactly two teams separated by ', '
]]></system-err>
  </testcase>
  <testcase name="testCalculateRankingsValidInput" classname="RankingsTest" time="0.001"/>
</testsuite>